# JRE version: Java(TM) SE Runtime Environment (17.0.1+12) (build 17.0.1+12-LTS-39)
# Java VM: Java HotSpot(TM) 64-Bit Server VM (17.0.1+12-LTS-39, mixed mode, sharing, tiered, compressed oops, compressed class ptrs, g1 gc, windows-amd64)
GC Precious Log:
 CPUs: 12 total, 12 available
 Memory: 32685M
 Large Page Support: Disabled
 NUMA Support: Disabled
 Compressed Oops: Enabled (Zero based)
 Heap Region Size: 2M
 Heap Min Capacity: 8M
 Heap Initial Capacity: 512M
 Heap Max Capacity: 3G
 Pre-touch: Disabled
 Parallel Workers: 10
 Concurrent Workers: 3
 Concurrent Refinement Workers: 10
 Periodic GC: Disabled
Heap:
 garbage-first heap   total 598016K, used 395827K [0x0000000740000000, 0x0000000800000000)
  region size 2048K, 4 young (8192K), 4 survivors (8192K)
 Metaspace       used 72239K, committed 73024K, reserved 1114112K
  class space    used 10160K, committed 10496K, reserved 1048576K
GC Heap History (20 events):
Event: 9.766 GC heap after
{Heap after GC invocations=31 (full 0):
 garbage-first heap   total 532480K, used 202858K [0x0000000740000000, 0x0000000800000000)
  region size 2048K, 2 young (4096K), 2 survivors (4096K)
 Metaspace       used 71641K, committed 72384K, reserved 1114112K
  class space    used 10124K, committed 10432K, reserved 1048576K
}
Event: 9.986 GC heap before
{Heap before GC invocations=32 (full 0):
 garbage-first heap   total 532480K, used 280682K [0x0000000740000000, 0x0000000800000000)
  region size 2048K, 39 young (79872K), 2 survivors (4096K)
 Metaspace       used 71756K, committed 72512K, reserved 1114112K
  class space    used 10134K, committed 10432K, reserved 1048576K
}
Event: 10.006 GC heap after
{Heap after GC invocations=33 (full 0):
 garbage-first heap   total 532480K, used 252330K [0x0000000740000000, 0x0000000800000000)
  region size 2048K, 8 young (16384K), 8 survivors (16384K)
 Metaspace       used 71756K, committed 72512K, reserved 1114112K
  class space    used 10134K, committed 10432K, reserved 1048576K
}
Event: 10.263 GC heap before
{Heap before GC invocations=33 (full 0):
 garbage-first heap   total 532480K, used 317866K [0x0000000740000000, 0x0000000800000000)
  region size 2048K, 9 young (18432K), 8 survivors (16384K)
 Metaspace       used 71758K, committed 72512K, reserved 1114112K
  class space    used 10135K, committed 10432K, reserved 1048576K
}
Event: 10.275 GC heap after
{Heap after GC invocations=34 (full 0):
 garbage-first heap   total 532480K, used 257334K [0x0000000740000000, 0x0000000800000000)
  region size 2048K, 1 young (2048K), 1 survivors (2048K)
 Metaspace       used 71758K, committed 72512K, reserved 1114112K
  class space    used 10135K, committed 10432K, reserved 1048576K
}
Event: 11.182 GC heap before
{Heap before GC invocations=35 (full 0):
 garbage-first heap   total 598016K, used 576822K [0x0000000740000000, 0x0000000800000000)
  region size 2048K, 8 young (16384K), 1 survivors (2048K)
 Metaspace       used 71975K, committed 72704K, reserved 1114112K
  class space    used 10140K, committed 10432K, reserved 1048576K
}
Event: 11.184 GC heap after
{Heap after GC invocations=36 (full 0):
 garbage-first heap   total 598016K, used 250214K [0x0000000740000000, 0x0000000800000000)
  region size 2048K, 1 young (2048K), 1 survivors (2048K)
 Metaspace       used 71975K, committed 72704K, reserved 1114112K
  class space    used 10140K, committed 10432K, reserved 1048576K
}
Event: 11.442 GC heap before
{Heap before GC invocations=36 (full 0):
 garbage-first heap   total 598016K, used 342374K [0x0000000740000000, 0x0000000800000000)
  region size 2048K, 14 young (28672K), 1 survivors (2048K)
 Metaspace       used 72142K, committed 72896K, reserved 1114112K
  class space    used 10154K, committed 10432K, reserved 1048576K
}
Event: 11.447 GC heap after
{Heap after GC invocations=37 (full 0):
 garbage-first heap   total 598016K, used 268235K [0x0000000740000000, 0x0000000800000000)
  region size 2048K, 2 young (4096K), 2 survivors (4096K)
 Metaspace       used 72142K, committed 72896K, reserved 1114112K
  class space    used 10154K, committed 10432K, reserved 1048576K
}
Event: 11.525 GC heap before
{Heap before GC invocations=37 (full 0):
 garbage-first heap   total 598016K, used 403403K [0x0000000740000000, 0x0000000800000000)
  region size 2048K, 69 young (141312K), 2 survivors (4096K)
 Metaspace       used 72171K, committed 72960K, reserved 1114112K
  class space    used 10160K, committed 10496K, reserved 1048576K
}
Event: 11.551 GC heap after
{Heap after GC invocations=38 (full 0):
 garbage-first heap   total 598016K, used 354175K [0x0000000740000000, 0x0000000800000000)
  region size 2048K, 9 young (18432K), 9 survivors (18432K)
 Metaspace       used 72171K, committed 72960K, reserved 1114112K
  class space    used 10160K, committed 10496K, reserved 1048576K
}
Event: 11.589 GC heap before
{Heap before GC invocations=38 (full 0):
 garbage-first heap   total 598016K, used 378751K [0x0000000740000000, 0x0000000800000000)
  region size 2048K, 22 young (45056K), 9 survivors (18432K)
 Metaspace       used 72171K, committed 72960K, reserved 1114112K
  class space    used 10160K, committed 10496K, reserved 1048576K
}
Event: 11.608 GC heap after
{Heap after GC invocations=39 (full 0):
 garbage-first heap   total 598016K, used 371712K [0x0000000740000000, 0x0000000800000000)
  region size 2048K, 6 young (12288K), 6 survivors (12288K)
 Metaspace       used 72171K, committed 72960K, reserved 1114112K
  class space    used 10160K, committed 10496K, reserved 1048576K
}
Event: 11.738 GC heap before
{Heap before GC invocations=39 (full 0):
 garbage-first heap   total 598016K, used 340992K [0x0000000740000000, 0x0000000800000000)
  region size 2048K, 37 young (75776K), 6 survivors (12288K)
 Metaspace       used 72239K, committed 73024K, reserved 1114112K
  class space    used 10160K, committed 10496K, reserved 1048576K
}
Event: 11.757 GC heap after
{Heap after GC invocations=40 (full 0):
 garbage-first heap   total 598016K, used 309912K [0x0000000740000000, 0x0000000800000000)
  region size 2048K, 5 young (10240K), 5 survivors (10240K)
 Metaspace       used 72239K, committed 73024K, reserved 1114112K
  class space    used 10160K, committed 10496K, reserved 1048576K
}
Event: 11.812 GC heap before
{Heap before GC invocations=41 (full 0):
 garbage-first heap   total 598016K, used 397976K [0x0000000740000000, 0x0000000800000000)
  region size 2048K, 48 young (98304K), 5 survivors (10240K)
 Metaspace       used 72239K, committed 73024K, reserved 1114112K
  class space    used 10160K, committed 10496K, reserved 1048576K
}
Event: 11.833 GC heap after
{Heap after GC invocations=42 (full 0):
 garbage-first heap   total 598016K, used 368223K [0x0000000740000000, 0x0000000800000000)
  region size 2048K, 6 young (12288K), 6 survivors (12288K)
 Metaspace       used 72239K, committed 73024K, reserved 1114112K
  class space    used 10160K, committed 10496K, reserved 1048576K
}
Event: 11.852 GC heap before
{Heap before GC invocations=42 (full 0):
 garbage-first heap   total 598016K, used 384607K [0x0000000740000000, 0x0000000800000000)
  region size 2048K, 14 young (28672K), 6 survivors (12288K)
 Metaspace       used 72239K, committed 73024K, reserved 1114112K
  class space    used 10160K, committed 10496K, reserved 1048576K
}
Event: 11.869 GC heap after
{Heap after GC invocations=43 (full 0):
 garbage-first heap   total 598016K, used 381916K [0x0000000740000000, 0x0000000800000000)
  region size 2048K, 2 young (4096K), 2 survivors (4096K)
 Metaspace       used 72239K, committed 73024K, reserved 1114112K
  class space    used 10160K, committed 10496K, reserved 1048576K
}
Event: 11.886 GC heap before
{Heap before GC invocations=43 (full 0):
 garbage-first heap   total 598016K, used 394204K [0x0000000740000000, 0x0000000800000000)
  region size 2048K, 9 young (18432K), 2 survivors (4096K)
 Metaspace       used 72239K, committed 73024K, reserved 1114112K
  class space    used 10160K, committed 10496K, reserved 1048576K
}

